1719722946945	geckodriver	INFO	Listening on 127.0.0.1:63882
1719722948982	mozrunner::runner	INFO	Running command: "C:\\Program Files\\Mozilla Firefox\\firefox.exe" "--marionette" "--remote-debugging-port" "63883" "--remote-allow-hosts" "localhost" "-no-remote" "-profile" "C:\\Users\\Gabriel\\AppData\\Local\\Temp\\rust_mozprofile1QtBkb"
console.warn: services.settings: Ignoring preference override of remote settings server
console.warn: services.settings: Allow by setting MOZ_REMOTE_SETTINGS_DEVTOOLS=1 in the environment
Dynamically enable window occlusion 0
1719722949359	Marionette	INFO	Marionette enabled
1719722949635	Marionette	INFO	Listening on port 63890
WebDriver BiDi listening on ws://127.0.0.1:63883
Read port: 63890
1719722949852	RemoteAgent	WARN	TLS certificate errors will be ignored for this session
DevTools listening on ws://127.0.0.1:63883/devtools/browser/f5f0dbba-140c-4b48-87d7-09003c7aeb50
JavaScript warning: https://pagead2.googlesyndication.com/bg/VKtwqYIMw_jEtcsYEdk2t0uWx1X5nCbHNvrRSJpikmk.js line 2 > eval line 5608 > eval line 1 > eval line 1 > eval, line 1: WEBGL_debug_renderer_info is deprecated in Firefox and will be removed. Please use RENDERER.
JavaScript warning: https://www.googletagmanager.com/gtag/js?id=G-SP7M9MSCB3, line 567: Script terminated by timeout at:
BG@https://www.googletagmanager.com/gtag/js?id=G-SP7M9MSCB3:567:429
MG@https://www.googletagmanager.com/gtag/js?id=G-SP7M9MSCB3:575:298
ca.ym@https://www.googletagmanager.com/gtag/js?id=G-SP7M9MSCB3:572:260
ca.xm/</<@https://www.googletagmanager.com/gtag/js?id=G-SP7M9MSCB3:571:104
Yl@https://www.googletagmanager.com/gtag/js?id=G-SP7M9MSCB3:310:405
im@https://www.googletagmanager.com/gtag/js?id=G-SP7M9MSCB3:313:432
ca.xm/<@https://www.googletagmanager.com/gtag/js?id=G-SP7M9MSCB3:571:90
c@https://www.googletagmanager.com/gtag/js?id=G-SP7M9MSCB3:431:169
Mt@https://www.googletagmanager.com/gtag/js?id=G-SP7M9MSCB3:432:269
ca.xm@https://www.googletagmanager.com/gtag/js?id=G-SP7M9MSCB3:571:76
c@https://www.googletagmanager.com/gtag/js?id=G-SP7M9MSCB3:585:717
nn@https://www.googletagmanager.com/gtag/js?id=G-SP7M9MSCB3:325:1
mn.prototype.flush@https://www.googletagmanager.com/gtag/js?id=G-SP7M9MSCB3:327:278
mn.prototype.push@https://www.googletagmanager.com/gtag/js?id=G-SP7M9MSCB3:325:395
en@https://www.googletagmanager.com/gtag/js?id=G-SP7M9MSCB3:322:764
qH/<@https://www.googletagmanager.com/gtag/js?id=G-SP7M9MSCB3:586:178
ca.Hk/<@https://www.googletagmanager.com/gtag/js?id=G-SP7M9MSCB3:531:126
ca.Hk/c/<@https://www.googletagmanager.com/gtag/js?id=G-SP7M9MSCB3:530:420
nrWrapper@https://www.zapimoveis.com.br/venda/imoveis/df+brasilia/:21:25173

1719722979325	Marionette	INFO	Stopped listening on port 63890
Dynamically enable window occlusion 1
1719722979417	addons.xpi	ERROR	System addon update list error Error: Failed downloading XML, status: 0, channelStatus: 2152071198, errorCode: 2, reason: error
console.error: Region.sys.mjs: "Error fetching region" (new TypeError("NetworkError when attempting to fetch resource.", ""))
console.error: Region.sys.mjs: "Failed to fetch region" (new Error("NO_RESULT", "resource://gre/modules/Region.sys.mjs", 411))
console.error: (new Error("Polling for changes failed: NetworkError: Network request failed.", "resource://services-settings/remote-settings.sys.mjs", 324))
JavaScript error: , line 0: TypeError: NetworkError when attempting to fetch resource.
JavaScript error: , line 0: TypeError: NetworkError when attempting to fetch resource.
