1719721327844	geckodriver	INFO	Listening on 127.0.0.1:63048
1719721330021	mozrunner::runner	INFO	Running command: "C:\\Program Files\\Mozilla Firefox\\firefox.exe" "--marionette" "--remote-debugging-port" "63049" "--remote-allow-hosts" "localhost" "-no-remote" "-profile" "C:\\Users\\Gabriel\\AppData\\Local\\Temp\\rust_mozprofiletAQDmg"
console.warn: services.settings: Ignoring preference override of remote settings server
console.warn: services.settings: Allow by setting MOZ_REMOTE_SETTINGS_DEVTOOLS=1 in the environment
Dynamically enable window occlusion 0
1719721330574	Marionette	INFO	Marionette enabled
1719721330943	Marionette	INFO	Listening on port 63056
WebDriver BiDi listening on ws://127.0.0.1:63049
Read port: 63056
1719721331217	RemoteAgent	WARN	TLS certificate errors will be ignored for this session
DevTools listening on ws://127.0.0.1:63049/devtools/browser/cb4a00f3-2d14-4828-be85-3606b5a45417
JavaScript warning: https://static.parastorage.com/services/wix-thunderbolt/dist/passwordProtectedPage.f58235c3.chunk.min.js, line 1: unreachable code after return statement
1719721362285	addons.xpi	ERROR	System addon update list error SyntaxError: XMLHttpRequest.open: 'http://%(server)s/dummy-system-addons.xml' is not a valid URL.
JavaScript warning: https://static.parastorage.com/services/wix-thunderbolt/dist/main.90b29617.bundle.min.js, line 1: Script terminated by timeout at:
34297/e/this.commonConfigGetter@https://static.parastorage.com/services/wix-thunderbolt/dist/main.90b29617.bundle.min.js:1:51653
93403/t.getBrand@https://static.parastorage.com/services/wix-thunderbolt/dist/main.90b29617.bundle.min.js:1:41732
brandId@https://static.parastorage.com/services/wix-thunderbolt/dist/main.90b29617.bundle.min.js:1:44406
3964/value/<@https://static.parastorage.com/services/wix-thunderbolt/dist/main.90b29617.bundle.min.js:1:67207
88171/e.exports.mapValues/<@https://static.parastorage.com/services/wix-thunderbolt/dist/main.90b29617.bundle.min.js:1:71364
88171/e.exports.mapValues@https://static.parastorage.com/services/wix-thunderbolt/dist/main.90b29617.bundle.min.js:1:71330
value@https://static.parastorage.com/services/wix-thunderbolt/dist/main.90b29617.bundle.min.js:1:67183
value@https://static.parastorage.com/services/wix-thunderbolt/dist/main.90b29617.bundle.min.js:1:64626
Nt@https://static.parastorage.com/services/wix-thunderbolt/dist/main.90b29617.bundle.min.js:6:75395
_reportStepToBi@https://static.parastorage.com/services/wix-thunderbolt/dist/main.90b29617.bundle.min.js:6:81823
38426/_initListeners/<@https://static.parastorage.com/services/wix-thunderbolt/dist/main.90b29617.bundle.min.js:6:81303

1719721419347	Marionette	INFO	Stopped listening on port 63056
Dynamically enable window occlusion 1
